Provided Grammar:
-- Grammar --
Terminals: ['(', ')']
Non-terminals: ['S']
Start: 'S'
Rules:
'S' -> ['(', 'S', ')'] | ['(', 'S', ')', 'S'] | ['ε']


Grammar in Greibah weak form:
-- Grammar --
Terminals: ['(', ')']
Non-terminals: ['S', "S'"]
Start: 'S''
Rules:
'S' -> ['(', ')'] | ['(', 'S', ')'] | ['(', ')'] | ['(', 'S', ')'] | ['(', ')', 'S'] | ['(', 'S', ')', 'S']
'S'' -> ['ε'] | ['(', ')'] | ['(', 'S', ')'] | ['(', ')'] | ['(', 'S', ')'] | ['(', ')', 'S'] | ['(', 'S', ')', 'S']


-- Evaluation --
Grammar contains '()(())()()(()((((()))()()))())()': True

Evaluation trace:
{ '()(())()()(()((((()))()()))())()', ['S''] }
{ '()(())()()(()((((()))()()))())()', ['S', ')', '('] }
{ ')(())()()(()((((()))()()))())()', ['S', ')'] }
{ '(())()()(()((((()))()()))())()', ['S'] }
{ '(())()()(()((((()))()()))())()', ['S', ')', 'S', '('] }
{ '())()()(()((((()))()()))())()', ['S', ')', 'S'] }
{ '())()()(()((((()))()()))())()', ['S', ')', ')', '('] }
{ '))()()(()((((()))()()))())()', ['S', ')', ')'] }
{ ')()()(()((((()))()()))())()', ['S', ')'] }
{ '()()(()((((()))()()))())()', ['S'] }
{ '()()(()((((()))()()))())()', ['S', ')', '('] }
{ ')()(()((((()))()()))())()', ['S', ')'] }
{ '()(()((((()))()()))())()', ['S'] }
{ '()(()((((()))()()))())()', ['S', ')', '('] }
{ ')(()((((()))()()))())()', ['S', ')'] }
{ '(()((((()))()()))())()', ['S'] }
{ '(()((((()))()()))())()', ['S', ')', 'S', '('] }
{ '()((((()))()()))())()', ['S', ')', 'S'] }
{ '()((((()))()()))())()', ['S', ')', 'S', ')', '('] }
{ ')((((()))()()))())()', ['S', ')', 'S', ')'] }
{ '((((()))()()))())()', ['S', ')', 'S'] }
{ '((((()))()()))())()', ['S', ')', 'S', ')', 'S', '('] }
{ '(((()))()()))())()', ['S', ')', 'S', ')', 'S'] }
{ '(((()))()()))())()', ['S', ')', 'S', ')', ')', 'S', '('] }
{ '((()))()()))())()', ['S', ')', 'S', ')', ')', 'S'] }
{ '((()))()()))())()', ['S', ')', 'S', ')', ')', 'S', ')', 'S', '('] }
{ '(()))()()))())()', ['S', ')', 'S', ')', ')', 'S', ')', 'S'] }
{ '(()))()()))())()', ['S', ')', 'S', ')', ')', 'S', ')', ')', 'S', '('] }
{ '()))()()))())()', ['S', ')', 'S', ')', ')', 'S', ')', ')', 'S'] }
{ '()))()()))())()', ['S', ')', 'S', ')', ')', 'S', ')', ')', ')', '('] }
{ ')))()()))())()', ['S', ')', 'S', ')', ')', 'S', ')', ')', ')'] }
{ '))()()))())()', ['S', ')', 'S', ')', ')', 'S', ')', ')'] }
{ ')()()))())()', ['S', ')', 'S', ')', ')', 'S', ')'] }
{ '()()))())()', ['S', ')', 'S', ')', ')', 'S'] }
{ '()()))())()', ['S', ')', 'S', ')', ')', 'S', ')', '('] }
{ ')()))())()', ['S', ')', 'S', ')', ')', 'S', ')'] }
{ '()))())()', ['S', ')', 'S', ')', ')', 'S'] }
{ '()))())()', ['S', ')', 'S', ')', ')', ')', '('] }
{ ')))())()', ['S', ')', 'S', ')', ')', ')'] }
{ '))())()', ['S', ')', 'S', ')', ')'] }
{ ')())()', ['S', ')', 'S', ')'] }
{ '())()', ['S', ')', 'S'] }
{ '())()', ['S', ')', ')', '('] }
{ '))()', ['S', ')', ')'] }
{ ')()', ['S', ')'] }
{ '()', ['S'] }
{ '()', [')', '('] }
{ ')', [')'] }
{ '', [] }
